01/08 08:38:56 UTC	DESKTOP-B0D0J2Q	1	ANH KHOA	screen_35ae67fb_918168954.jpg	Search | Splunk 9.0.2 - Sidekick
01/08 08:39:06 UTC	DESKTOP-B0D0J2Q	1	ANH KHOA	screen_4573834f_918168954.jpg	Search | Splunk 9.0.2 - Sidekick
01/08 08:39:16 UTC	DESKTOP-B0D0J2Q	1	ANH KHOA	screen_7e03a779_918168954.jpg	Search | Splunk 9.0.2 - Sidekick
01/08 08:39:27 UTC	DESKTOP-B0D0J2Q	1	ANH KHOA	screen_9bdfba10_918168954.jpg	Search | Splunk 9.0.2 - Sidekick
01/08 08:39:37 UTC	DESKTOP-B0D0J2Q	1	ANH KHOA	screen_6ba5aff1_918168954.jpg	Search | Splunk 9.0.2 - Sidekick
01/08 08:39:47 UTC	DESKTOP-B0D0J2Q	1	ANH KHOA	screen_ac315080_918168954.jpg	Search | Splunk 9.0.2 - Sidekick
01/08 08:39:57 UTC	DESKTOP-B0D0J2Q	1	ANH KHOA	screen_24901684_918168954.jpg	Search | Splunk 9.0.2 - Sidekick
01/08 08:40:37 UTC	DESKTOP-B0D0J2Q	1	ANH KHOA	screen_7a23f8a8_918168954.jpg	Search | Splunk 9.0.2 - Sidekick
01/08 08:40:47 UTC	DESKTOP-B0D0J2Q	1	ANH KHOA	screen_87a54757_918168954.jpg	Search | Splunk 9.0.2 - Sidekick
01/08 08:40:57 UTC	DESKTOP-B0D0J2Q	1	ANH KHOA	screen_5611975d_918168954.jpg	Search | Splunk 9.0.2 - Sidekick
01/08 08:41:08 UTC	DESKTOP-B0D0J2Q	1	ANH KHOA	screen_873d2d6b_918168954.jpg	Search | Splunk 9.0.2 - Sidekick
01/08 08:41:18 UTC	DESKTOP-B0D0J2Q	1	ANH KHOA	screen_639321be_918168954.jpg	Note - Work - Obsidian v1.1.9
01/08 08:41:28 UTC	DESKTOP-B0D0J2Q	1	ANH KHOA	screen_352312a9_918168954.jpg	Search | Splunk 9.0.2 - Sidekick
01/08 08:41:38 UTC	DESKTOP-B0D0J2Q	1	ANH KHOA	screen_52e50679_918168954.jpg	Search | Splunk 9.0.2 - Sidekick
01/08 08:41:48 UTC	DESKTOP-B0D0J2Q	1	ANH KHOA	screen_2adcbeec_918168954.jpg	Search | Splunk 9.0.2 - Sidekick
01/08 08:41:58 UTC	DESKTOP-B0D0J2Q	1	ANH KHOA	screen_e8209caa_918168954.jpg	Search | Splunk 9.0.2 - Sidekick
01/08 08:42:08 UTC	DESKTOP-B0D0J2Q	1	ANH KHOA	screen_9178ce7b_918168954.jpg	Search | Splunk 9.0.2 - Sidekick
01/08 08:42:18 UTC	DESKTOP-B0D0J2Q	1	ANH KHOA	screen_b03eeb37_918168954.jpg	Search | Splunk 9.0.2 - Sidekick
01/08 08:42:28 UTC	DESKTOP-B0D0J2Q	1	ANH KHOA	screen_e2f4c0de_918168954.jpg	Search | Splunk 9.0.2 - Sidekick
01/08 08:43:29 UTC	DESKTOP-B0D0J2Q	1	ANH KHOA	screen_301c72ce_918168954.jpg	Search | Splunk 9.0.2 - Sidekick
01/08 08:43:49 UTC	DESKTOP-B0D0J2Q	1	ANH KHOA	screen_022e1c18_918168954.jpg	Search | Splunk 9.0.2 - Sidekick
01/08 08:43:59 UTC	DESKTOP-B0D0J2Q	1	ANH KHOA	screen_a707bb5a_918168954.jpg	Search | Splunk 9.0.2 - Sidekick
01/08 08:44:09 UTC	DESKTOP-B0D0J2Q	1	ANH KHOA	screen_782f217d_918168954.jpg	Search | Splunk 9.0.2 - Sidekick
01/08 08:44:19 UTC	DESKTOP-B0D0J2Q	1	ANH KHOA	screen_635f45cf_918168954.jpg	Search | Splunk 9.0.2 - Sidekick
01/08 08:44:29 UTC	DESKTOP-B0D0J2Q	1	ANH KHOA	screen_c2b864d7_918168954.jpg	Search | Splunk 9.0.2 - Sidekick
01/08 08:44:40 UTC	DESKTOP-B0D0J2Q	1	ANH KHOA	screen_b69f60cb_918168954.jpg	Search | Splunk 9.0.2 - Sidekick
01/08 08:45:10 UTC	DESKTOP-B0D0J2Q	1	ANH KHOA	screen_cebbeea1_918168954.jpg	Search | Splunk 9.0.2 - Sidekick
01/08 08:45:20 UTC	DESKTOP-B0D0J2Q	1	ANH KHOA	screen_39db5917_918168954.jpg	Search | Splunk 9.0.2 - Sidekick
01/08 08:45:30 UTC	DESKTOP-B0D0J2Q	1	ANH KHOA	screen_720232a8_918168954.jpg	Search | Splunk 9.0.2 - Sidekick
01/08 08:46:50 UTC	DESKTOP-B0D0J2Q	1	ANH KHOA	screen_99cb24d5_918168954.jpg	Search | Splunk 9.0.2 - Sidekick
01/08 08:47:00 UTC	DESKTOP-B0D0J2Q	1	ANH KHOA	screen_d6072bc1_918168954.jpg	Search | Splunk 9.0.2 - Sidekick
01/08 08:47:10 UTC	DESKTOP-B0D0J2Q	1	ANH KHOA	screen_c337d7c0_918168954.jpg	Search | Splunk 9.0.2 - Sidekick
01/08 08:47:20 UTC	DESKTOP-B0D0J2Q	1	ANH KHOA	screen_a04ba2fd_918168954.jpg	Search | Splunk 9.0.2 - Sidekick
01/08 08:47:31 UTC	DESKTOP-B0D0J2Q	1	ANH KHOA	screen_e69d3fb5_918168954.jpg	Search | Splunk 9.0.2 - Sidekick
01/08 08:47:51 UTC	DESKTOP-B0D0J2Q	1	ANH KHOA	screen_910c1bff_918168954.jpg	Search | Splunk 9.0.2 - Sidekick
01/08 08:48:01 UTC	DESKTOP-B0D0J2Q	1	ANH KHOA	screen_ccac9d8e_918168954.jpg	File Explorer
01/08 08:48:11 UTC	DESKTOP-B0D0J2Q	1	ANH KHOA	screen_a6286df7_918168954.jpg	Program Files
01/08 08:48:21 UTC	DESKTOP-B0D0J2Q	1	ANH KHOA	screen_71c5b485_918168954.jpg	SplunkUniversalForwarder
01/08 08:48:31 UTC	DESKTOP-B0D0J2Q	1	ANH KHOA	screen_84e56213_918168954.jpg	inputs - Notepad
01/08 08:48:41 UTC	DESKTOP-B0D0J2Q	1	ANH KHOA	screen_7445c67e_918168954.jpg	inputs - Notepad
01/08 08:51:42 UTC	DESKTOP-B0D0J2Q	1	ANH KHOA	screen_e9058988_918168954.jpg	inputs - Notepad
01/08 08:54:42 UTC	DESKTOP-B0D0J2Q	1	ANH KHOA	screen_32547b02_918168954.jpg	inputs - Notepad
01/08 08:57:42 UTC	DESKTOP-B0D0J2Q	1	ANH KHOA	screen_65419711_918168954.jpg	inputs - Notepad
01/08 09:00:43 UTC	DESKTOP-B0D0J2Q	1	ANH KHOA	screen_f998224f_918168954.jpg	inputs - Notepad
01/08 09:02:23 UTC	DESKTOP-B0D0J2Q	1	ANH KHOA	screen_e0a28238_918168954.jpg	inputs - Notepad
01/08 09:02:33 UTC	DESKTOP-B0D0J2Q	1	ANH KHOA	screen_0c520bcc_918168954.jpg	local
01/08 09:02:43 UTC	DESKTOP-B0D0J2Q	1	ANH KHOA	screen_494e45b1_918168954.jpg	
01/08 09:02:54 UTC	DESKTOP-B0D0J2Q	1	ANH KHOA	screen_a253d886_918168954.jpg	local
01/08 09:03:04 UTC	DESKTOP-B0D0J2Q	1	ANH KHOA	screen_5663f74c_918168954.jpg	Downloads
01/08 09:03:14 UTC	DESKTOP-B0D0J2Q	1	ANH KHOA	screen_43071085_918168954.jpg	Final-Report - PowerPoint
01/08 09:03:24 UTC	DESKTOP-B0D0J2Q	1	ANH KHOA	screen_498ae114_918168954.jpg	Report final
01/08 09:06:24 UTC	DESKTOP-B0D0J2Q	1	ANH KHOA	screen_870f23e3_918168954.jpg	"Application Launcher For Drive (by Google)" added
01/08 09:09:25 UTC	DESKTOP-B0D0J2Q	1	ANH KHOA	screen_80b5aa46_918168954.jpg	"Application Launcher For Drive (by Google)" added
01/08 09:12:25 UTC	DESKTOP-B0D0J2Q	1	ANH KHOA	screen_d9c73684_918168954.jpg	"Application Launcher For Drive (by Google)" added
