01/06 07:32:32 UTC	DESKTOP-29M090E	1	NITRO 5	screen_d4e1a9c0_1818299528.jpg	kali-linux-2022.3-vmware-amd64 - VMware Workstation
01/06 07:33:08 UTC	DESKTOP-29M090E	1	NITRO 5	screen_291e1c8d_1818299528.jpg	kali-linux-2022.3-vmware-amd64 - VMware Workstation
01/06 07:34:20 UTC	DESKTOP-29M090E	1	NITRO 5	screen_599f7fe9_1818299528.jpg	kali-linux-2022.3-vmware-amd64 - VMware Workstation
01/06 08:06:24 UTC	DESKTOP-29M090E	1	NITRO 5	screen_3f05272a_476249128.jpg	kali-linux-2022.3-vmware-amd64 - VMware Workstation
01/06 08:22:38 UTC	DESKTOP-29M090E	1	NITRO 5	screen_e9b4d8ac_476249128.jpg	kali-linux-2022.3-vmware-amd64 - VMware Workstation
01/06 08:22:48 UTC	DESKTOP-29M090E	1	NITRO 5	screen_5a94aaaf_476249128.jpg	kali-linux-2022.3-vmware-amd64 - VMware Workstation
01/06 08:22:53 UTC	DESKTOP-29M090E	1	NITRO 5	screen_a3fb2903_476249128.jpg	Red Team Ops with Cobalt Strike - Post Exploitation (6 of 9) - YouTube - Google Chrome
01/06 08:22:59 UTC	DESKTOP-29M090E	1	NITRO 5	screen_b15c998b_476249128.jpg	Collision Detection for Visually Impaired from a Body-Mounted Camera - Google Chrome
01/06 08:23:04 UTC	DESKTOP-29M090E	1	NITRO 5	screen_3968ad8c_476249128.jpg	Collision Detection for Visually Impaired from a Body-Mounted Camera - Google Chrome
01/06 08:23:08 UTC	DESKTOP-29M090E	1	NITRO 5	screen_3dd483b2_476249128.jpg	Obstacle detection and warning system for visually impaired people based on electrode matrix and mobile Kinect | SpringerLink - Google Chrome
01/06 08:23:13 UTC	DESKTOP-29M090E	1	NITRO 5	screen_563b0912_476249128.jpg	Facebook - Google Chrome
01/06 08:23:19 UTC	DESKTOP-29M090E	1	NITRO 5	screen_75939f47_476249128.jpg	Facebook - Google Chrome
01/06 08:23:24 UTC	DESKTOP-29M090E	1	NITRO 5	screen_2d936433_476249128.jpg	Facebook - Google Chrome
01/06 08:23:29 UTC	DESKTOP-29M090E	1	NITRO 5	screen_90099ccb_476249128.jpg	Facebook - Google Chrome
01/06 08:23:34 UTC	DESKTOP-29M090E	1	NITRO 5	screen_21b355c6_476249128.jpg	Facebook - Google Chrome
01/06 08:23:39 UTC	DESKTOP-29M090E	1	NITRO 5	screen_37c8c67a_476249128.jpg	Facebook - Google Chrome
01/06 08:23:44 UTC	DESKTOP-29M090E	1	NITRO 5	screen_43adba94_476249128.jpg	Facebook - Google Chrome
01/06 08:23:49 UTC	DESKTOP-29M090E	1	NITRO 5	screen_7a9011ce_476249128.jpg	kali-linux-2022.3-vmware-amd64 - VMware Workstation
01/06 08:23:54 UTC	DESKTOP-29M090E	1	NITRO 5	screen_651540b6_476249128.jpg	kali-linux-2022.3-vmware-amd64 - VMware Workstation
01/06 08:23:59 UTC	DESKTOP-29M090E	1	NITRO 5	screen_512b00d1_476249128.jpg	Facebook - Google Chrome
01/06 08:24:05 UTC	DESKTOP-29M090E	1	NITRO 5	screen_643af74c_476249128.jpg	YouTube - Google Chrome
01/06 08:24:11 UTC	DESKTOP-29M090E	1	NITRO 5	screen_f46bfd16_476249128.jpg	YouTube - Google Chrome
01/06 08:24:15 UTC	DESKTOP-29M090E	1	NITRO 5	screen_1dd3493a_476249128.jpg	T?o dáng cây d?c l? dón T?t | VTV24 - YouTube - Google Chrome
01/06 08:24:50 UTC	DESKTOP-29M090E	1	NITRO 5	screen_5c9f44e0_476249128.jpg	T?o dáng cây d?c l? dón T?t | VTV24 - YouTube - Google Chrome
01/06 08:24:55 UTC	DESKTOP-29M090E	1	NITRO 5	screen_26db95b1_476249128.jpg	kali-linux-2022.3-vmware-amd64 - VMware Workstation
01/06 08:25:00 UTC	DESKTOP-29M090E	1	NITRO 5	screen_bba6fb65_476249128.jpg	kali-linux-2022.3-vmware-amd64 - VMware Workstation
01/06 08:25:03 UTC	DESKTOP-29M090E	1	NITRO 5	screen_0b641f92_476249128.jpg	kali-linux-2022.3-vmware-amd64 - VMware Workstation
01/06 08:25:05 UTC	DESKTOP-29M090E	1	NITRO 5	screen_a8b8f40d_476249128.jpg	kali-linux-2022.3-vmware-amd64 - VMware Workstation
01/06 08:25:08 UTC	DESKTOP-29M090E	1	NITRO 5	screen_4d6cd585_476249128.jpg	kali-linux-2022.3-vmware-amd64 - VMware Workstation
01/06 08:25:10 UTC	DESKTOP-29M090E	1	NITRO 5	screen_f224fda8_476249128.jpg	kali-linux-2022.3-vmware-amd64 - VMware Workstation
01/06 08:25:14 UTC	DESKTOP-29M090E	1	NITRO 5	screen_a51a8679_476249128.jpg	kali-linux-2022.3-vmware-amd64 - VMware Workstation
01/06 08:25:15 UTC	DESKTOP-29M090E	1	NITRO 5	screen_ed02f130_476249128.jpg	kali-linux-2022.3-vmware-amd64 - VMware Workstation
01/06 08:25:21 UTC	DESKTOP-29M090E	1	NITRO 5	screen_643dd4f1_476249128.jpg	kali-linux-2022.3-vmware-amd64 - VMware Workstation
01/06 08:25:21 UTC	DESKTOP-29M090E	1	NITRO 5	screen_ae073aaa_476249128.jpg	kali-linux-2022.3-vmware-amd64 - VMware Workstation
01/06 08:25:21 UTC	DESKTOP-29M090E	1	NITRO 5	screen_260ef77f_476249128.jpg	kali-linux-2022.3-vmware-amd64 - VMware Workstation
01/06 08:25:25 UTC	DESKTOP-29M090E	1	NITRO 5	screen_5aabb28f_476249128.jpg	kali-linux-2022.3-vmware-amd64 - VMware Workstation
01/06 08:25:25 UTC	DESKTOP-29M090E	1	NITRO 5	screen_a70d6d68_476249128.jpg	kali-linux-2022.3-vmware-amd64 - VMware Workstation
01/06 08:25:26 UTC	DESKTOP-29M090E	1	NITRO 5	screen_0b7ad1c7_476249128.jpg	kali-linux-2022.3-vmware-amd64 - VMware Workstation
01/06 08:25:30 UTC	DESKTOP-29M090E	1	NITRO 5	screen_dbae36d0_476249128.jpg	kali-linux-2022.3-vmware-amd64 - VMware Workstation
01/06 08:25:30 UTC	DESKTOP-29M090E	1	NITRO 5	screen_05ce24c5_476249128.jpg	kali-linux-2022.3-vmware-amd64 - VMware Workstation
01/06 08:25:31 UTC	DESKTOP-29M090E	1	NITRO 5	screen_c217d847_476249128.jpg	kali-linux-2022.3-vmware-amd64 - VMware Workstation
01/06 08:25:35 UTC	DESKTOP-29M090E	1	NITRO 5	screen_272cbccb_476249128.jpg	kali-linux-2022.3-vmware-amd64 - VMware Workstation
01/06 08:25:35 UTC	DESKTOP-29M090E	1	NITRO 5	screen_22389b04_476249128.jpg	kali-linux-2022.3-vmware-amd64 - VMware Workstation
01/06 08:25:36 UTC	DESKTOP-29M090E	1	NITRO 5	screen_b1bcfc25_476249128.jpg	kali-linux-2022.3-vmware-amd64 - VMware Workstation
01/06 08:25:40 UTC	DESKTOP-29M090E	1	NITRO 5	screen_31d68b3b_476249128.jpg	kali-linux-2022.3-vmware-amd64 - VMware Workstation
01/06 08:25:40 UTC	DESKTOP-29M090E	1	NITRO 5	screen_dc4d6d67_476249128.jpg	kali-linux-2022.3-vmware-amd64 - VMware Workstation
01/06 08:25:41 UTC	DESKTOP-29M090E	1	NITRO 5	screen_f26072fa_476249128.jpg	kali-linux-2022.3-vmware-amd64 - VMware Workstation
01/06 08:25:44 UTC	DESKTOP-29M090E	1	NITRO 5	screen_84912758_476249128.jpg	kali-linux-2022.3-vmware-amd64 - VMware Workstation
01/06 08:25:45 UTC	DESKTOP-29M090E	1	NITRO 5	screen_99f69b1f_476249128.jpg	kali-linux-2022.3-vmware-amd64 - VMware Workstation
01/06 08:25:45 UTC	DESKTOP-29M090E	1	NITRO 5	screen_96447104_476249128.jpg	kali-linux-2022.3-vmware-amd64 - VMware Workstation
01/06 08:25:47 UTC	DESKTOP-29M090E	1	NITRO 5	screen_adb6a119_476249128.jpg	kali-linux-2022.3-vmware-amd64 - VMware Workstation
01/06 08:25:49 UTC	DESKTOP-29M090E	1	NITRO 5	screen_a9d33dbd_476249128.jpg	kali-linux-2022.3-vmware-amd64 - VMware Workstation
01/06 08:25:55 UTC	DESKTOP-29M090E	1	NITRO 5	screen_fff085a9_476249128.jpg	kali-linux-2022.3-vmware-amd64 - VMware Workstation
01/06 08:25:55 UTC	DESKTOP-29M090E	1	NITRO 5	screen_ca003b2a_476249128.jpg	kali-linux-2022.3-vmware-amd64 - VMware Workstation
01/06 08:25:55 UTC	DESKTOP-29M090E	1	NITRO 5	screen_16627a13_476249128.jpg	kali-linux-2022.3-vmware-amd64 - VMware Workstation
01/06 08:25:55 UTC	DESKTOP-29M090E	1	NITRO 5	screen_9bb3c276_476249128.jpg	kali-linux-2022.3-vmware-amd64 - VMware Workstation
01/06 08:25:57 UTC	DESKTOP-29M090E	1	NITRO 5	screen_8176fd2e_476249128.jpg	kali-linux-2022.3-vmware-amd64 - VMware Workstation
01/06 08:26:00 UTC	DESKTOP-29M090E	1	NITRO 5	screen_7c0ceda4_476249128.jpg	kali-linux-2022.3-vmware-amd64 - VMware Workstation
01/06 08:26:00 UTC	DESKTOP-29M090E	1	NITRO 5	screen_f2b1e033_476249128.jpg	kali-linux-2022.3-vmware-amd64 - VMware Workstation
01/06 08:26:01 UTC	DESKTOP-29M090E	1	NITRO 5	screen_78c0e339_476249128.jpg	kali-linux-2022.3-vmware-amd64 - VMware Workstation
01/06 08:26:02 UTC	DESKTOP-29M090E	1	NITRO 5	screen_56651e0e_476249128.jpg	kali-linux-2022.3-vmware-amd64 - VMware Workstation
01/06 08:26:05 UTC	DESKTOP-29M090E	1	NITRO 5	screen_1d3c8e0e_476249128.jpg	kali-linux-2022.3-vmware-amd64 - VMware Workstation
01/06 08:26:05 UTC	DESKTOP-29M090E	1	NITRO 5	screen_28616f07_476249128.jpg	kali-linux-2022.3-vmware-amd64 - VMware Workstation
01/06 08:26:06 UTC	DESKTOP-29M090E	1	NITRO 5	screen_0d2cb86b_476249128.jpg	kali-linux-2022.3-vmware-amd64 - VMware Workstation
01/06 08:42:51 UTC	DESKTOP-29M090E	1	NITRO 5	screen_48c77d23_2108289670.jpg	kali-linux-2022.3-vmware-amd64 - VMware Workstation
01/06 09:53:16 UTC	DESKTOP-29M090E	1	NITRO 5	screen_75ad0ad6_622573134.jpg	kali-linux-2022.3-vmware-amd64 - VMware Workstation
