01/07 08:11:01 UTC	DESKTOP-B0D0J2Q	6	ANH KHOA	screen_e0c6e101_1448572496.jpg	Threat Intelligence - Hu?ng di m?i trong ngành An ninh m?ng | WhiteHat.vn - Sidekick
01/07 08:11:11 UTC	DESKTOP-B0D0J2Q	6	ANH KHOA	screen_63d7db78_1448572496.jpg	Tri?n Khai K?ch B?n Di?n T?p Capstone 1
01/07 08:11:21 UTC	DESKTOP-B0D0J2Q	6	ANH KHOA	screen_849f9e57_1448572496.jpg	*Wi-Fi
01/07 08:11:31 UTC	DESKTOP-B0D0J2Q	6	ANH KHOA	screen_60a6d83b_1448572496.jpg	*Wi-Fi
01/07 08:11:42 UTC	DESKTOP-B0D0J2Q	6	ANH KHOA	screen_b5309d3b_1448572496.jpg	*Wi-Fi
01/07 08:12:03 UTC	DESKTOP-B0D0J2Q	6	ANH KHOA	screen_cc0f73a0_1448572496.jpg	*Wi-Fi
01/07 08:12:39 UTC	DESKTOP-B0D0J2Q	6	ANH KHOA	screen_f0fdadb4_1448572496.jpg	*Wi-Fi
01/07 08:12:44 UTC	DESKTOP-B0D0J2Q	6	ANH KHOA	screen_1d12bc66_1448572496.jpg	*Wi-Fi
01/07 08:12:44 UTC	DESKTOP-B0D0J2Q	6	ANH KHOA	screen_ec42fc2a_1448572496.jpg	*Wi-Fi
01/07 08:12:44 UTC	DESKTOP-B0D0J2Q	6	ANH KHOA	screen_734c4023_1448572496.jpg	*Wi-Fi
01/07 08:12:49 UTC	DESKTOP-B0D0J2Q	6	ANH KHOA	screen_e2147b6b_1448572496.jpg	re1 | Splunk 9.0.2 - Sidekick
01/07 08:12:49 UTC	DESKTOP-B0D0J2Q	6	ANH KHOA	screen_2ceb466f_1448572496.jpg	re1 | Splunk 9.0.2 - Sidekick
01/07 08:12:49 UTC	DESKTOP-B0D0J2Q	6	ANH KHOA	screen_7a87b99a_1448572496.jpg	re1 | Splunk 9.0.2 - Sidekick
01/07 08:12:54 UTC	DESKTOP-B0D0J2Q	6	ANH KHOA	screen_de295fff_1448572496.jpg	Search | Splunk 9.0.2 - Sidekick
01/07 08:12:54 UTC	DESKTOP-B0D0J2Q	6	ANH KHOA	screen_0fb9e4a3_1448572496.jpg	Search | Splunk 9.0.2 - Sidekick
01/07 08:12:54 UTC	DESKTOP-B0D0J2Q	6	ANH KHOA	screen_37165ca2_1448572496.jpg	Search | Splunk 9.0.2 - Sidekick
01/07 08:12:59 UTC	DESKTOP-B0D0J2Q	6	ANH KHOA	screen_4bb74c6f_1448572496.jpg	Search | Splunk 9.0.2 - Sidekick
01/07 08:12:59 UTC	DESKTOP-B0D0J2Q	6	ANH KHOA	screen_a3166ecc_1448572496.jpg	Search | Splunk 9.0.2 - Sidekick
01/07 08:13:04 UTC	DESKTOP-B0D0J2Q	6	ANH KHOA	screen_6436b9c1_1448572496.jpg	Search | Splunk 9.0.2 - Sidekick
01/07 08:13:09 UTC	DESKTOP-B0D0J2Q	6	ANH KHOA	screen_67a230c3_1448572496.jpg	Search | Splunk 9.0.2 - Sidekick
01/07 08:13:10 UTC	DESKTOP-B0D0J2Q	6	ANH KHOA	screen_d3af6a61_1448572496.jpg	Search | Splunk 9.0.2 - Sidekick
01/07 08:13:10 UTC	DESKTOP-B0D0J2Q	6	ANH KHOA	screen_e74a4dd6_1448572496.jpg	Search | Splunk 9.0.2 - Sidekick
01/07 08:13:15 UTC	DESKTOP-B0D0J2Q	6	ANH KHOA	screen_f9ec306f_1448572496.jpg	*Wi-Fi
01/07 08:13:15 UTC	DESKTOP-B0D0J2Q	6	ANH KHOA	screen_445be285_1448572496.jpg	*Wi-Fi
01/07 08:13:15 UTC	DESKTOP-B0D0J2Q	6	ANH KHOA	screen_bffe2601_1448572496.jpg	*Wi-Fi
01/07 08:13:20 UTC	DESKTOP-B0D0J2Q	6	ANH KHOA	screen_a644f0e2_1448572496.jpg	*Wi-Fi
01/07 08:13:20 UTC	DESKTOP-B0D0J2Q	6	ANH KHOA	screen_73979516_1448572496.jpg	*Wi-Fi
01/07 08:13:20 UTC	DESKTOP-B0D0J2Q	6	ANH KHOA	screen_f32ea847_1448572496.jpg	*Wi-Fi
01/07 08:13:25 UTC	DESKTOP-B0D0J2Q	6	ANH KHOA	screen_e5d1d5e6_1448572496.jpg	*Wi-Fi
01/07 08:13:25 UTC	DESKTOP-B0D0J2Q	6	ANH KHOA	screen_aad59a8c_1448572496.jpg	*Wi-Fi
01/07 08:13:25 UTC	DESKTOP-B0D0J2Q	6	ANH KHOA	screen_182d2c8a_1448572496.jpg	*Wi-Fi
01/07 08:13:30 UTC	DESKTOP-B0D0J2Q	6	ANH KHOA	screen_d0b27c85_1448572496.jpg	*Wi-Fi
01/07 08:13:30 UTC	DESKTOP-B0D0J2Q	6	ANH KHOA	screen_1cf19885_1448572496.jpg	*Wi-Fi
01/07 08:13:30 UTC	DESKTOP-B0D0J2Q	6	ANH KHOA	screen_517d4ea2_1448572496.jpg	*Wi-Fi
01/07 08:13:36 UTC	DESKTOP-B0D0J2Q	6	ANH KHOA	screen_0d82aadf_1448572496.jpg	*Wi-Fi
01/07 08:13:36 UTC	DESKTOP-B0D0J2Q	6	ANH KHOA	screen_28087404_1448572496.jpg	*Wi-Fi
01/07 08:13:36 UTC	DESKTOP-B0D0J2Q	6	ANH KHOA	screen_c0699978_1448572496.jpg	*Wi-Fi
01/07 08:13:41 UTC	DESKTOP-B0D0J2Q	6	ANH KHOA	screen_cdf0ad95_1448572496.jpg	*Wi-Fi
01/07 08:13:41 UTC	DESKTOP-B0D0J2Q	6	ANH KHOA	screen_b87472aa_1448572496.jpg	*Wi-Fi
01/07 08:13:41 UTC	DESKTOP-B0D0J2Q	6	ANH KHOA	screen_e1fa9ecf_1448572496.jpg	*Wi-Fi
01/07 08:13:46 UTC	DESKTOP-B0D0J2Q	6	ANH KHOA	screen_f1019c9d_1448572496.jpg	*Wi-Fi
01/07 08:13:46 UTC	DESKTOP-B0D0J2Q	6	ANH KHOA	screen_9f12435e_1448572496.jpg	*Wi-Fi
01/07 08:13:46 UTC	DESKTOP-B0D0J2Q	6	ANH KHOA	screen_8310f237_1448572496.jpg	*Wi-Fi
01/07 08:13:51 UTC	DESKTOP-B0D0J2Q	6	ANH KHOA	screen_a6c8a41f_1448572496.jpg	*Wi-Fi
01/07 08:13:51 UTC	DESKTOP-B0D0J2Q	6	ANH KHOA	screen_33b01e4d_1448572496.jpg	*Wi-Fi
01/07 08:13:51 UTC	DESKTOP-B0D0J2Q	6	ANH KHOA	screen_2ac8e77b_1448572496.jpg	*Wi-Fi
01/07 08:13:57 UTC	DESKTOP-B0D0J2Q	6	ANH KHOA	screen_1137cca4_1448572496.jpg	*Wi-Fi
01/07 08:13:57 UTC	DESKTOP-B0D0J2Q	6	ANH KHOA	screen_747e107b_1448572496.jpg	*Wi-Fi
01/07 08:13:57 UTC	DESKTOP-B0D0J2Q	6	ANH KHOA	screen_9edf2bd3_1448572496.jpg	*Wi-Fi
01/07 08:14:02 UTC	DESKTOP-B0D0J2Q	6	ANH KHOA	screen_4ec16ec4_1448572496.jpg	Search | Splunk 9.0.2 - Sidekick
01/07 08:14:02 UTC	DESKTOP-B0D0J2Q	6	ANH KHOA	screen_b0b724f2_1448572496.jpg	Search | Splunk 9.0.2 - Sidekick
01/07 08:14:02 UTC	DESKTOP-B0D0J2Q	6	ANH KHOA	screen_128dff85_1448572496.jpg	Search | Splunk 9.0.2 - Sidekick
01/07 08:14:07 UTC	DESKTOP-B0D0J2Q	6	ANH KHOA	screen_06297bd2_1448572496.jpg	Process Hacker [DESKTOP-B0D0J2Q\ANH KHOA]
01/07 08:14:07 UTC	DESKTOP-B0D0J2Q	6	ANH KHOA	screen_6879bf90_1448572496.jpg	Process Hacker [DESKTOP-B0D0J2Q\ANH KHOA]
01/07 08:14:07 UTC	DESKTOP-B0D0J2Q	6	ANH KHOA	screen_c558b7ec_1448572496.jpg	Process Hacker [DESKTOP-B0D0J2Q\ANH KHOA]
01/07 08:14:12 UTC	DESKTOP-B0D0J2Q	6	ANH KHOA	screen_f49cd110_1448572496.jpg	Ubuntu - VMware Workstation
01/07 08:14:12 UTC	DESKTOP-B0D0J2Q	6	ANH KHOA	screen_ea8a5865_1448572496.jpg	Ubuntu - VMware Workstation
01/07 08:14:12 UTC	DESKTOP-B0D0J2Q	6	ANH KHOA	screen_a2fde7e8_1448572496.jpg	Ubuntu - VMware Workstation
01/07 08:14:17 UTC	DESKTOP-B0D0J2Q	6	ANH KHOA	screen_3d876a5f_1448572496.jpg	Ubuntu - VMware Workstation
01/07 08:14:17 UTC	DESKTOP-B0D0J2Q	6	ANH KHOA	screen_35153886_1448572496.jpg	Ubuntu - VMware Workstation
01/07 08:14:17 UTC	DESKTOP-B0D0J2Q	6	ANH KHOA	screen_07aebbb4_1448572496.jpg	Ubuntu - VMware Workstation
01/07 08:14:22 UTC	DESKTOP-B0D0J2Q	6	ANH KHOA	screen_2a83498d_1448572496.jpg	Program Manager
01/07 08:14:22 UTC	DESKTOP-B0D0J2Q	6	ANH KHOA	screen_446f3a00_1448572496.jpg	Program Manager
01/07 08:14:22 UTC	DESKTOP-B0D0J2Q	6	ANH KHOA	screen_4d03b4cb_1448572496.jpg	Program Manager
01/07 08:14:28 UTC	DESKTOP-B0D0J2Q	6	ANH KHOA	screen_84db55cd_1448572496.jpg	Start
01/07 08:14:28 UTC	DESKTOP-B0D0J2Q	6	ANH KHOA	screen_d78783bc_1448572496.jpg	Start
01/07 08:14:28 UTC	DESKTOP-B0D0J2Q	6	ANH KHOA	screen_f23f3513_1448572496.jpg	Start
01/07 09:17:16 UTC	DESKTOP-B0D0J2Q	1	ANH KHOA	screen_d51e1efb_104133326.jpg	Process Hacker [DESKTOP-B0D0J2Q\ANH KHOA]
01/07 09:17:26 UTC	DESKTOP-B0D0J2Q	1	ANH KHOA	screen_7ecc0734_104133326.jpg	Gmail - Sidekick
01/07 09:17:36 UTC	DESKTOP-B0D0J2Q	1	ANH KHOA	screen_2556c6b5_104133326.jpg	Tr?n sent you Thu?ng_T?t_Cu?i_Nam.rar via WeTransfer - khosasuke@gmail.com - Gmail - Sidekick
01/07 09:17:41 UTC	DESKTOP-B0D0J2Q	1	ANH KHOA	screen_59c81a7a_104133326.jpg	Investigating Conti Ransomware on Microsoft Exchange with Splunk | TryHackMe - YouTube - Sidekick
01/07 09:17:46 UTC	DESKTOP-B0D0J2Q	1	ANH KHOA	screen_fc4224af_104133326.jpg	Thu?ng_T?t_Cu?i_Nam
01/07 09:17:52 UTC	DESKTOP-B0D0J2Q	1	ANH KHOA	screen_bd11702d_104133326.jpg	
01/07 09:17:57 UTC	DESKTOP-B0D0J2Q	1	ANH KHOA	screen_b6c505ee_104133326.jpg	C1NE.03-ProjectPlan-C2&AL - Word
01/07 09:18:07 UTC	DESKTOP-B0D0J2Q	1	ANH KHOA	screen_b051c0cd_104133326.jpg	C1NE.03-ProjectPlan-C2&AL - Word
01/07 09:18:12 UTC	DESKTOP-B0D0J2Q	1	ANH KHOA	screen_f4ee4c72_104133326.jpg	C1NE.03-ProjectPlan-C2&AL - Word
01/07 09:18:17 UTC	DESKTOP-B0D0J2Q	1	ANH KHOA	screen_b4baeddb_104133326.jpg	C1NE.03-ProjectPlan-C2&AL - Word
01/07 09:18:22 UTC	DESKTOP-B0D0J2Q	1	ANH KHOA	screen_5ede982a_104133326.jpg	C1NE.03-ProjectPlan-C2&AL - Word
01/07 09:18:29 UTC	DESKTOP-B0D0J2Q	1	ANH KHOA	screen_b0f825ae_104133326.jpg	C1NE.03-ProjectPlan-C2&AL - Word
01/07 09:18:34 UTC	DESKTOP-B0D0J2Q	1	ANH KHOA	screen_0064d977_104133326.jpg	C1NE.03-ProjectPlan-C2&AL - Word
01/07 09:18:39 UTC	DESKTOP-B0D0J2Q	1	ANH KHOA	screen_8d440e57_104133326.jpg	C1NE.03-ProjectPlan-C2&AL - Word
01/07 09:18:44 UTC	DESKTOP-B0D0J2Q	1	ANH KHOA	screen_23eeb505_104133326.jpg	C1NE.03-ProjectPlan-C2&AL - Word
01/07 09:18:49 UTC	DESKTOP-B0D0J2Q	1	ANH KHOA	screen_6931f34f_104133326.jpg	C1NE.03-ProjectPlan-C2&AL - Word
01/07 09:18:55 UTC	DESKTOP-B0D0J2Q	1	ANH KHOA	screen_30912095_104133326.jpg	C1NE.03-ProjectPlan-C2&AL - Word
01/07 09:19:00 UTC	DESKTOP-B0D0J2Q	1	ANH KHOA	screen_c6007733_104133326.jpg	C1NE.03-ProjectPlan-C2&AL - Word
01/07 09:19:05 UTC	DESKTOP-B0D0J2Q	1	ANH KHOA	screen_e4fd2356_104133326.jpg	C1NE.03-ProjectPlan-C2&AL - Word
01/07 09:19:10 UTC	DESKTOP-B0D0J2Q	1	ANH KHOA	screen_ec8466fb_104133326.jpg	C1NE.03-ProjectPlan-C2&AL - Word
01/07 09:19:16 UTC	DESKTOP-B0D0J2Q	1	ANH KHOA	screen_5e912496_104133326.jpg	C1NE.03-ProjectPlan-C2&AL - Word
01/07 09:19:21 UTC	DESKTOP-B0D0J2Q	1	ANH KHOA	screen_28f54164_104133326.jpg	C1NE.03-ProjectPlan-C2&AL - Word
01/07 09:19:26 UTC	DESKTOP-B0D0J2Q	1	ANH KHOA	screen_bcff22fd_104133326.jpg	C1NE.03-ProjectPlan-C2&AL - Word
